05/18/18 - 02:29:20: WHERE WHO WHERE AM FOR AN ALARM.
05/21/18 - 05:50:39: CONNECTED CURRENT A TIMER.
05/21/18 - 05:50:40: FOR.
05/21/18 - 05:50:42: .
05/21/18 - 05:50:42: HEY.
05/21/18 - 05:50:46: HEY LARRY SET A ONE.
05/21/18 - 05:50:52: USING A LARRY SET A TIMER.
05/21/18 - 05:50:53: .
05/21/18 - 05:50:59: HEY WHERE AM HEY.
05/21/18 - 05:51:01: TRAFFIC WHO CURRENT ONE TWO.
05/21/18 - 07:01:41: WHERE AM I CURRENT SET A TIMER.
05/21/18 - 07:01:41: .
05/21/18 - 07:01:44: LARRY SET A ONE.
05/21/18 - 07:01:44: .
05/21/18 - 07:01:45: .
05/21/18 - 07:01:48: LARRY SET A TIMER.
05/21/18 - 07:01:52: .
05/21/18 - 07:03:18: WHERE MARK.
05/21/18 - 07:03:19: .
05/21/18 - 07:03:19: .
05/21/18 - 07:03:20: .
05/21/18 - 07:03:20: .
05/21/18 - 07:03:21: .
05/21/18 - 07:03:23: YOU THREE SET A TIMER.
05/21/18 - 07:03:24: .
05/21/18 - 07:03:26: ELEVEN SET A TIMER.
05/21/18 - 07:03:30: WEB FOR CURRENT HEY.
05/21/18 - 07:04:18: LARRY SET A TIMER.
05/21/18 - 07:04:18: .
